<?xml version="1.0" encoding="UTF-8"?>
<testng-results skipped="0" failed="0" ignored="0" total="1" passed="1">
  <reporter-output>
  </reporter-output>
  <suite name="Suite" duration-ms="143741" started-at="2023-03-21T11:19:59 IST" finished-at="2023-03-21T11:22:23 IST">
    <groups>
    </groups>
    <test name="Test" duration-ms="143741" started-at="2023-03-21T11:19:59 IST" finished-at="2023-03-21T11:22:23 IST">
      <class name="sample.Test1">
        <test-method status="PASS" signature="method()[pri:0, instance:sample.Test1@18bf3d14]" name="method" duration-ms="143179" started-at="2023-03-21T11:19:59 IST" finished-at="2023-03-21T11:22:23 IST">
          <reporter-output>
          </reporter-output>
        </test-method> <!-- method -->
      </class> <!-- sample.Test1 -->
    </test> <!-- Test -->
  </suite> <!-- Suite -->
</testng-results>
